> Task :buildSrc:checkKotlinGradlePluginConfigurationErrors
> Task :buildSrc:generateExternalPluginSpecBuilders UP-TO-DATE
> Task :buildSrc:extractPrecompiledScriptPluginPlugins UP-TO-DATE
> Task :buildSrc:compilePluginsBlocks UP-TO-DATE
> Task :buildSrc:generatePrecompiledScriptPluginAccessors UP-TO-DATE
> Task :buildSrc:generateScriptPluginAdapters UP-TO-DATE
> Task :buildSrc:compileKotlin UP-TO-DATE
> Task :buildSrc:compileJava NO-SOURCE
> Task :buildSrc:compileGroovy NO-SOURCE
> Task :buildSrc:pluginDescriptors UP-TO-DATE
> Task :buildSrc:processResources UP-TO-DATE
> Task :buildSrc:classes UP-TO-DATE
> Task :buildSrc:jar UP-TO-DATE
> Task :lib:playlist-utils:preBuild UP-TO-DATE
> Task :lib:burstcloud-extractor:preBuild UP-TO-DATE
> Task :lib:playlist-utils:preReleaseBuild UP-TO-DATE
> Task :lib:burstcloud-extractor:preReleaseBuild UP-TO-DATE
> Task :lib:fastream-extractor:preBuild UP-TO-DATE
> Task :core:preBuild UP-TO-DATE
> Task :core:preReleaseBuild UP-TO-DATE
> Task :core:generateReleaseResValues UP-TO-DATE
> Task :lib:burstcloud-extractor:generateReleaseResValues UP-TO-DATE
> Task :lib:playlist-utils:generateReleaseResValues UP-TO-DATE
> Task :lib:fastream-extractor:preReleaseBuild UP-TO-DATE
> Task :lib:burstcloud-extractor:generateReleaseResources UP-TO-DATE
> Task :core:generateReleaseResources UP-TO-DATE
> Task :lib:playlist-utils:generateReleaseResources UP-TO-DATE
> Task :lib:fastream-extractor:generateReleaseResValues UP-TO-DATE
> Task :lib:fastream-extractor:generateReleaseResources UP-TO-DATE
> Task :core:packageReleaseResources UP-TO-DATE
> Task :lib:playlist-utils:packageReleaseResources UP-TO-DATE
> Task :lib:burstcloud-extractor:packageReleaseResources UP-TO-DATE
> Task :lib:fastream-extractor:packageReleaseResources UP-TO-DATE
> Task :core:parseReleaseLocalResources UP-TO-DATE
> Task :lib:filemoon-extractor:preBuild UP-TO-DATE
> Task :core:processReleaseManifest UP-TO-DATE
> Task :core:generateReleaseRFile UP-TO-DATE
> Task :lib:filemoon-extractor:preReleaseBuild UP-TO-DATE
> Task :core:javaPreCompileRelease UP-TO-DATE
> Task :lib:playlist-utils:parseReleaseLocalResources UP-TO-DATE
> Task :lib:playlist-utils:processReleaseManifest UP-TO-DATE
> Task :core:compileReleaseJavaWithJavac NO-SOURCE
> Task :lib:burstcloud-extractor:parseReleaseLocalResources UP-TO-DATE
> Task :lib:fastream-extractor:parseReleaseLocalResources UP-TO-DATE
> Task :lib:burstcloud-extractor:processReleaseManifest UP-TO-DATE
> Task :lib:fastream-extractor:processReleaseManifest UP-TO-DATE
> Task :lib:fastream-extractor:javaPreCompileRelease UP-TO-DATE
> Task :core:extractProguardFiles UP-TO-DATE
> Task :lib:filemoon-extractor:generateReleaseResValues UP-TO-DATE
> Task :lib:filemoon-extractor:generateReleaseResources UP-TO-DATE
> Task :lib:fastream-extractor:extractProguardFiles UP-TO-DATE
> Task :core:generateReleaseLintVitalModel UP-TO-DATE
> Task :lib:fastream-extractor:prepareLintJarForPublish UP-TO-DATE
> Task :lib:mp4upload-extractor:preBuild UP-TO-DATE
> Task :lib:mp4upload-extractor:preReleaseBuild UP-TO-DATE
> Task :lib:mp4upload-extractor:generateReleaseResValues UP-TO-DATE
> Task :lib:mp4upload-extractor:generateReleaseResources UP-TO-DATE
> Task :lib:mp4upload-extractor:packageReleaseResources UP-TO-DATE
> Task :lib:filemoon-extractor:packageReleaseResources UP-TO-DATE
> Task :lib:mp4upload-extractor:parseReleaseLocalResources UP-TO-DATE
> Task :lib:mp4upload-extractor:processReleaseManifest UP-TO-DATE
> Task :core:lintVitalAnalyzeRelease UP-TO-DATE
> Task :core:prepareLintJarForPublish UP-TO-DATE
> Task :lib:streamwish-extractor:preBuild UP-TO-DATE
> Task :lib:streamwish-extractor:preReleaseBuild UP-TO-DATE
> Task :lib:streamwish-extractor:generateReleaseResValues UP-TO-DATE
> Task :lib:streamwish-extractor:generateReleaseResources UP-TO-DATE
> Task :lib:filemoon-extractor:parseReleaseLocalResources UP-TO-DATE
> Task :lib:streamwish-extractor:packageReleaseResources UP-TO-DATE
> Task :lib:filemoon-extractor:processReleaseManifest UP-TO-DATE
> Task :lib:filemoon-extractor:javaPreCompileRelease UP-TO-DATE
> Task :lib:filemoon-extractor:extractProguardFiles UP-TO-DATE
> Task :lib:filemoon-extractor:prepareLintJarForPublish UP-TO-DATE
> Task :lib:upstream-extractor:preBuild UP-TO-DATE
> Task :lib:upstream-extractor:preReleaseBuild UP-TO-DATE
> Task :lib:streamwish-extractor:parseReleaseLocalResources UP-TO-DATE
> Task :lib:upstream-extractor:generateReleaseResValues UP-TO-DATE
> Task :lib:upstream-extractor:generateReleaseResources UP-TO-DATE
> Task :lib:streamwish-extractor:processReleaseManifest UP-TO-DATE
> Task :lib:streamwish-extractor:javaPreCompileRelease UP-TO-DATE
> Task :lib:streamwish-extractor:extractProguardFiles UP-TO-DATE
> Task :lib:streamwish-extractor:prepareLintJarForPublish UP-TO-DATE
> Task :lib:voe-extractor:preBuild UP-TO-DATE
> Task :lib:voe-extractor:preReleaseBuild UP-TO-DATE
> Task :lib:burstcloud-extractor:generateReleaseRFile UP-TO-DATE
> Task :lib:mp4upload-extractor:generateReleaseRFile UP-TO-DATE
> Task :lib:playlist-utils:generateReleaseRFile UP-TO-DATE
> Task :lib:voe-extractor:generateReleaseResValues UP-TO-DATE
> Task :lib:upstream-extractor:packageReleaseResources UP-TO-DATE
> Task :lib:filemoon-extractor:generateReleaseRFile UP-TO-DATE
> Task :lib:burstcloud-extractor:compileReleaseKotlin UP-TO-DATE
> Task :lib:burstcloud-extractor:javaPreCompileRelease UP-TO-DATE
> Task :lib:playlist-utils:compileReleaseKotlin UP-TO-DATE
> Task :lib:playlist-utils:javaPreCompileRelease UP-TO-DATE
> Task :lib:burstcloud-extractor:compileReleaseJavaWithJavac NO-SOURCE
> Task :lib:burstcloud-extractor:extractProguardFiles UP-TO-DATE
> Task :lib:mp4upload-extractor:compileReleaseKotlin UP-TO-DATE
> Task :lib:playlist-utils:compileReleaseJavaWithJavac NO-SOURCE
> Task :lib:mp4upload-extractor:javaPreCompileRelease UP-TO-DATE
> Task :lib:burstcloud-extractor:generateReleaseLintVitalModel UP-TO-DATE
> Task :lib:playlist-utils:bundleLibCompileToJarRelease UP-TO-DATE
> Task :lib:playlist-utils:bundleLibRuntimeToJarRelease UP-TO-DATE
> Task :lib:playlist-utils:processReleaseJavaRes UP-TO-DATE
> Task :lib:burstcloud-extractor:lintVitalAnalyzeRelease UP-TO-DATE
> Task :lib:burstcloud-extractor:prepareLintJarForPublish UP-TO-DATE
> Task :lib:mp4upload-extractor:compileReleaseJavaWithJavac NO-SOURCE
> Task :lib:mp4upload-extractor:extractProguardFiles UP-TO-DATE
> Task :lib:fastream-extractor:generateReleaseRFile UP-TO-DATE
> Task :lib:playlist-utils:createFullJarRelease UP-TO-DATE
> Task :lib:playlist-utils:mergeReleaseJniLibFolders UP-TO-DATE
> Task :lib:mp4upload-extractor:generateReleaseLintVitalModel UP-TO-DATE
> Task :lib:playlist-utils:mergeReleaseNativeLibs NO-SOURCE
> Task :lib:playlist-utils:stripReleaseDebugSymbols NO-SOURCE
> Task :lib:playlist-utils:copyReleaseJniLibsProjectAndLocalJars UP-TO-DATE
> Task :lib:playlist-utils:extractDeepLinksForAarRelease UP-TO-DATE
> Task :lib:mp4upload-extractor:lintVitalAnalyzeRelease UP-TO-DATE
> Task :lib:mp4upload-extractor:prepareLintJarForPublish UP-TO-DATE
> Task :lib:upstream-extractor:parseReleaseLocalResources UP-TO-DATE
> Task :lib:playlist-utils:extractReleaseAnnotations UP-TO-DATE
> Task :lib:upstream-extractor:processReleaseManifest UP-TO-DATE
> Task :lib:playlist-utils:mergeReleaseGeneratedProguardFiles UP-TO-DATE
> Task :lib:playlist-utils:mergeReleaseConsumerProguardFiles UP-TO-DATE
> Task :lib:playlist-utils:mergeReleaseShaders UP-TO-DATE
> Task :lib:upstream-extractor:generateReleaseRFile UP-TO-DATE
> Task :lib:filemoon-extractor:compileReleaseKotlin UP-TO-DATE
> Task :lib:streamwish-extractor:generateReleaseRFile UP-TO-DATE
> Task :lib:filemoon-extractor:compileReleaseJavaWithJavac NO-SOURCE
> Task :lib:voe-extractor:generateReleaseResources UP-TO-DATE
> Task :lib:voe-extractor:packageReleaseResources UP-TO-DATE
> Task :lib:playlist-utils:compileReleaseShaders NO-SOURCE
> Task :lib:playlist-utils:generateReleaseAssets UP-TO-DATE
> Task :lib:voe-extractor:parseReleaseLocalResources UP-TO-DATE
> Task :lib:playlist-utils:packageReleaseAssets UP-TO-DATE
> Task :lib:voe-extractor:processReleaseManifest UP-TO-DATE
> Task :lib:playlist-utils:prepareLintJarForPublish UP-TO-DATE
> Task :lib:playlist-utils:prepareReleaseArtProfile UP-TO-DATE
> Task :lib:playlist-utils:mergeReleaseJavaResource UP-TO-DATE
> Task :lib:fastream-extractor:compileReleaseKotlin UP-TO-DATE
> Task :lib:fastream-extractor:compileReleaseJavaWithJavac NO-SOURCE
> Task :lib:playlist-utils:syncReleaseLibJars UP-TO-DATE
> Task :lib:yourupload-extractor:preBuild UP-TO-DATE
> Task :lib:voe-extractor:generateReleaseRFile UP-TO-DATE
> Task :lib:yourupload-extractor:preReleaseBuild UP-TO-DATE
> Task :lib:playlist-utils:writeReleaseAarMetadata UP-TO-DATE
> Task :lib:yourupload-extractor:generateReleaseResValues UP-TO-DATE
> Task :lib:yourupload-extractor:generateReleaseResources UP-TO-DATE
> Task :lib:playlist-utils:bundleReleaseLocalLintAar UP-TO-DATE
> Task :lib:yourupload-extractor:packageReleaseResources UP-TO-DATE
> Task :lib:playlist-utils:extractProguardFiles UP-TO-DATE
> Task :lib:playlist-utils:writeReleaseLintModelMetadata UP-TO-DATE
> Task :lib:yourupload-extractor:parseReleaseLocalResources UP-TO-DATE
> Task :lib:playlist-utils:generateReleaseLintModel UP-TO-DATE
> Task :lib:upstream-extractor:compileReleaseKotlin UP-TO-DATE
> Task :lib:streamwish-extractor:compileReleaseKotlin UP-TO-DATE
> Task :lib:streamwish-extractor:compileReleaseJavaWithJavac NO-SOURCE
> Task :lib:playlist-utils:generateReleaseLintVitalModel UP-TO-DATE
> Task :lib:streamwish-extractor:generateReleaseLintVitalModel UP-TO-DATE
> Task :lib:filemoon-extractor:generateReleaseLintVitalModel UP-TO-DATE
> Task :lib:fastream-extractor:lintVitalAnalyzeRelease UP-TO-DATE
> Task :lib:fastream-extractor:generateReleaseLintVitalModel UP-TO-DATE
> Task :lib:upstream-extractor:javaPreCompileRelease UP-TO-DATE
> Task :lib:upstream-extractor:compileReleaseJavaWithJavac NO-SOURCE
> Task :lib:filemoon-extractor:lintVitalAnalyzeRelease UP-TO-DATE
> Task :lib:voe-extractor:compileReleaseKotlin UP-TO-DATE
> Task :lib:playlist-utils:lintVitalAnalyzeRelease UP-TO-DATE
> Task :lib:upstream-extractor:extractProguardFiles UP-TO-DATE
> Task :lib:voe-extractor:javaPreCompileRelease UP-TO-DATE
> Task :lib:yourupload-extractor:processReleaseManifest UP-TO-DATE
> Task :lib:voe-extractor:compileReleaseJavaWithJavac NO-SOURCE
> Task :lib:voe-extractor:extractProguardFiles UP-TO-DATE
> Task :core:bundleLibRuntimeToJarRelease UP-TO-DATE
> Task :lib:streamwish-extractor:lintVitalAnalyzeRelease UP-TO-DATE
> Task :lib:burstcloud-extractor:bundleLibRuntimeToJarRelease UP-TO-DATE
> Task :lib:yourupload-extractor:generateReleaseRFile UP-TO-DATE
> Task :lib:burstcloud-extractor:processReleaseJavaRes UP-TO-DATE
> Task :core:processReleaseJavaRes NO-SOURCE
> Task :lib:burstcloud-extractor:createFullJarRelease UP-TO-DATE
> Task :lib:burstcloud-extractor:mergeReleaseJniLibFolders UP-TO-DATE
> Task :core:createFullJarRelease UP-TO-DATE
> Task :core:mergeReleaseJniLibFolders UP-TO-DATE
> Task :lib:burstcloud-extractor:mergeReleaseNativeLibs NO-SOURCE
> Task :core:mergeReleaseNativeLibs NO-SOURCE
> Task :core:stripReleaseDebugSymbols NO-SOURCE
> Task :core:copyReleaseJniLibsProjectAndLocalJars UP-TO-DATE
> Task :core:extractDeepLinksForAarRelease UP-TO-DATE
> Task :core:extractReleaseAnnotations UP-TO-DATE
> Task :core:mergeReleaseGeneratedProguardFiles UP-TO-DATE
> Task :core:mergeReleaseConsumerProguardFiles UP-TO-DATE
> Task :core:mergeReleaseShaders UP-TO-DATE
> Task :core:compileReleaseShaders NO-SOURCE
> Task :core:generateReleaseAssets UP-TO-DATE
> Task :lib:voe-extractor:generateReleaseLintVitalModel UP-TO-DATE
> Task :lib:voe-extractor:lintVitalAnalyzeRelease UP-TO-DATE
> Task :lib:yourupload-extractor:compileReleaseKotlin UP-TO-DATE
> Task :lib:voe-extractor:prepareLintJarForPublish UP-TO-DATE
> Task :lib:yourupload-extractor:javaPreCompileRelease UP-TO-DATE
> Task :lib:fastream-extractor:bundleLibRuntimeToJarRelease UP-TO-DATE
> Task :lib:yourupload-extractor:compileReleaseJavaWithJavac NO-SOURCE
> Task :lib:yourupload-extractor:extractProguardFiles UP-TO-DATE
> Task :lib:fastream-extractor:processReleaseJavaRes UP-TO-DATE
> Task :core:packageReleaseAssets UP-TO-DATE
> Task :core:prepareReleaseArtProfile UP-TO-DATE
> Task :lib:burstcloud-extractor:stripReleaseDebugSymbols NO-SOURCE
> Task :core:mergeReleaseJavaResource UP-TO-DATE
> Task :core:syncReleaseLibJars UP-TO-DATE
> Task :lib:burstcloud-extractor:copyReleaseJniLibsProjectAndLocalJars UP-TO-DATE
> Task :core:writeReleaseAarMetadata UP-TO-DATE
> Task :lib:burstcloud-extractor:extractDeepLinksForAarRelease UP-TO-DATE
> Task :core:bundleReleaseLocalLintAar UP-TO-DATE
> Task :core:writeReleaseLintModelMetadata UP-TO-DATE
> Task :lib:burstcloud-extractor:extractReleaseAnnotations UP-TO-DATE
> Task :lib:burstcloud-extractor:mergeReleaseGeneratedProguardFiles UP-TO-DATE
> Task :lib:burstcloud-extractor:mergeReleaseConsumerProguardFiles UP-TO-DATE
> Task :lib:burstcloud-extractor:mergeReleaseShaders UP-TO-DATE
> Task :lib:burstcloud-extractor:compileReleaseShaders NO-SOURCE
> Task :lib:burstcloud-extractor:generateReleaseAssets UP-TO-DATE
> Task :core:generateReleaseLintModel UP-TO-DATE
> Task :lib:burstcloud-extractor:packageReleaseAssets UP-TO-DATE
> Task :lib:upstream-extractor:generateReleaseLintVitalModel UP-TO-DATE
> Task :lib:fastream-extractor:createFullJarRelease UP-TO-DATE
> Task :lib:yourupload-extractor:generateReleaseLintVitalModel UP-TO-DATE
> Task :lib:fastream-extractor:mergeReleaseJniLibFolders UP-TO-DATE
> Task :lib:burstcloud-extractor:prepareReleaseArtProfile UP-TO-DATE
> Task :lib:fastream-extractor:mergeReleaseNativeLibs NO-SOURCE
> Task :lib:burstcloud-extractor:mergeReleaseJavaResource UP-TO-DATE
> Task :lib:filemoon-extractor:bundleLibRuntimeToJarRelease UP-TO-DATE
> Task :lib:fastream-extractor:stripReleaseDebugSymbols NO-SOURCE
> Task :lib:fastream-extractor:copyReleaseJniLibsProjectAndLocalJars UP-TO-DATE
> Task :lib:fastream-extractor:extractDeepLinksForAarRelease UP-TO-DATE
> Task :lib:filemoon-extractor:processReleaseJavaRes UP-TO-DATE
> Task :lib:upstream-extractor:lintVitalAnalyzeRelease UP-TO-DATE
> Task :lib:filemoon-extractor:createFullJarRelease UP-TO-DATE
> Task :lib:fastream-extractor:extractReleaseAnnotations UP-TO-DATE
> Task :lib:upstream-extractor:prepareLintJarForPublish UP-TO-DATE
> Task :lib:filemoon-extractor:mergeReleaseJniLibFolders UP-TO-DATE
> Task :lib:fastream-extractor:mergeReleaseGeneratedProguardFiles UP-TO-DATE
> Task :lib:fastream-extractor:mergeReleaseConsumerProguardFiles UP-TO-DATE
> Task :lib:fastream-extractor:mergeReleaseShaders UP-TO-DATE
> Task :lib:fastream-extractor:compileReleaseShaders NO-SOURCE
> Task :lib:fastream-extractor:generateReleaseAssets UP-TO-DATE
> Task :lib:yourupload-extractor:lintVitalAnalyzeRelease UP-TO-DATE
> Task :lib:mp4upload-extractor:bundleLibRuntimeToJarRelease UP-TO-DATE
> Task :lib:fastream-extractor:packageReleaseAssets UP-TO-DATE
> Task :lib:fastream-extractor:prepareReleaseArtProfile UP-TO-DATE
> Task :lib:filemoon-extractor:mergeReleaseNativeLibs NO-SOURCE
> Task :lib:fastream-extractor:mergeReleaseJavaResource UP-TO-DATE
> Task :lib:mp4upload-extractor:processReleaseJavaRes UP-TO-DATE
> Task :lib:yourupload-extractor:prepareLintJarForPublish UP-TO-DATE
> Task :lib:streamwish-extractor:bundleLibRuntimeToJarRelease UP-TO-DATE
> Task :lib:filemoon-extractor:stripReleaseDebugSymbols NO-SOURCE
> Task :lib:fastream-extractor:syncReleaseLibJars UP-TO-DATE
> Task :lib:filemoon-extractor:copyReleaseJniLibsProjectAndLocalJars UP-TO-DATE
> Task :lib:fastream-extractor:writeReleaseAarMetadata UP-TO-DATE
> Task :lib:fastream-extractor:bundleReleaseLocalLintAar UP-TO-DATE
> Task :lib:fastream-extractor:writeReleaseLintModelMetadata UP-TO-DATE
> Task :lib:burstcloud-extractor:syncReleaseLibJars UP-TO-DATE
> Task :lib:burstcloud-extractor:writeReleaseAarMetadata UP-TO-DATE
> Task :lib:mp4upload-extractor:createFullJarRelease UP-TO-DATE
> Task :lib:burstcloud-extractor:bundleReleaseLocalLintAar UP-TO-DATE
> Task :lib:mp4upload-extractor:mergeReleaseJniLibFolders UP-TO-DATE
> Task :lib:burstcloud-extractor:writeReleaseLintModelMetadata UP-TO-DATE
> Task :lib:mp4upload-extractor:mergeReleaseNativeLibs NO-SOURCE
> Task :lib:mp4upload-extractor:stripReleaseDebugSymbols NO-SOURCE
> Task :lib:mp4upload-extractor:copyReleaseJniLibsProjectAndLocalJars UP-TO-DATE
> Task :lib:mp4upload-extractor:extractDeepLinksForAarRelease UP-TO-DATE
> Task :lib:mp4upload-extractor:extractReleaseAnnotations UP-TO-DATE
> Task :lib:mp4upload-extractor:mergeReleaseGeneratedProguardFiles UP-TO-DATE
> Task :lib:mp4upload-extractor:mergeReleaseConsumerProguardFiles UP-TO-DATE
> Task :lib:mp4upload-extractor:mergeReleaseShaders UP-TO-DATE
> Task :lib:mp4upload-extractor:compileReleaseShaders NO-SOURCE
> Task :lib:mp4upload-extractor:generateReleaseAssets UP-TO-DATE
> Task :lib:mp4upload-extractor:packageReleaseAssets UP-TO-DATE
> Task :lib:burstcloud-extractor:generateReleaseLintModel UP-TO-DATE
> Task :lib:mp4upload-extractor:prepareReleaseArtProfile UP-TO-DATE
> Task :lib:filemoon-extractor:extractDeepLinksForAarRelease UP-TO-DATE
> Task :lib:streamwish-extractor:processReleaseJavaRes UP-TO-DATE
> Task :lib:mp4upload-extractor:mergeReleaseJavaResource UP-TO-DATE
> Task :lib:streamwish-extractor:createFullJarRelease UP-TO-DATE
> Task :lib:upstream-extractor:bundleLibRuntimeToJarRelease UP-TO-DATE
> Task :lib:filemoon-extractor:extractReleaseAnnotations UP-TO-DATE
> Task :lib:upstream-extractor:processReleaseJavaRes UP-TO-DATE
> Task :lib:filemoon-extractor:mergeReleaseGeneratedProguardFiles UP-TO-DATE
> Task :lib:filemoon-extractor:mergeReleaseConsumerProguardFiles UP-TO-DATE
> Task :lib:mp4upload-extractor:syncReleaseLibJars UP-TO-DATE
> Task :lib:mp4upload-extractor:writeReleaseAarMetadata UP-TO-DATE
> Task :lib:filemoon-extractor:mergeReleaseShaders UP-TO-DATE
> Task :lib:streamwish-extractor:mergeReleaseJniLibFolders UP-TO-DATE
> Task :lib:filemoon-extractor:compileReleaseShaders NO-SOURCE
> Task :lib:filemoon-extractor:generateReleaseAssets UP-TO-DATE
> Task :lib:filemoon-extractor:packageReleaseAssets UP-TO-DATE
> Task :lib:filemoon-extractor:prepareReleaseArtProfile UP-TO-DATE
> Task :lib:mp4upload-extractor:bundleReleaseLocalLintAar UP-TO-DATE
> Task :lib:fastream-extractor:generateReleaseLintModel UP-TO-DATE
> Task :lib:streamwish-extractor:mergeReleaseNativeLibs NO-SOURCE
> Task :lib:voe-extractor:bundleLibRuntimeToJarRelease UP-TO-DATE
> Task :lib:filemoon-extractor:mergeReleaseJavaResource UP-TO-DATE
> Task :lib:streamwish-extractor:stripReleaseDebugSymbols NO-SOURCE
> Task :lib:voe-extractor:processReleaseJavaRes UP-TO-DATE
> Task :lib:mp4upload-extractor:writeReleaseLintModelMetadata UP-TO-DATE
> Task :lib:streamwish-extractor:copyReleaseJniLibsProjectAndLocalJars UP-TO-DATE
> Task :lib:filemoon-extractor:syncReleaseLibJars UP-TO-DATE
> Task :lib:voe-extractor:createFullJarRelease UP-TO-DATE
> Task :lib:streamwish-extractor:extractDeepLinksForAarRelease UP-TO-DATE
> Task :lib:filemoon-extractor:writeReleaseAarMetadata UP-TO-DATE
> Task :lib:filemoon-extractor:bundleReleaseLocalLintAar UP-TO-DATE
> Task :lib:streamwish-extractor:extractReleaseAnnotations UP-TO-DATE
> Task :lib:streamwish-extractor:mergeReleaseGeneratedProguardFiles UP-TO-DATE
> Task :lib:streamwish-extractor:mergeReleaseConsumerProguardFiles UP-TO-DATE
> Task :lib:streamwish-extractor:mergeReleaseShaders UP-TO-DATE
> Task :lib:voe-extractor:mergeReleaseJniLibFolders UP-TO-DATE
> Task :lib:filemoon-extractor:writeReleaseLintModelMetadata UP-TO-DATE
> Task :lib:mp4upload-extractor:generateReleaseLintModel UP-TO-DATE
> Task :lib:streamwish-extractor:compileReleaseShaders NO-SOURCE
> Task :lib:streamwish-extractor:generateReleaseAssets UP-TO-DATE
> Task :lib:yourupload-extractor:bundleLibRuntimeToJarRelease UP-TO-DATE
> Task :lib:streamwish-extractor:packageReleaseAssets UP-TO-DATE
> Task :lib:streamwish-extractor:prepareReleaseArtProfile UP-TO-DATE
> Task :lib:streamwish-extractor:mergeReleaseJavaResource UP-TO-DATE
> Task :lib:streamwish-extractor:syncReleaseLibJars UP-TO-DATE
> Task :lib:streamwish-extractor:writeReleaseAarMetadata UP-TO-DATE
> Task :lib:voe-extractor:mergeReleaseNativeLibs NO-SOURCE
> Task :lib:streamwish-extractor:bundleReleaseLocalLintAar UP-TO-DATE
> Task :lib:voe-extractor:stripReleaseDebugSymbols NO-SOURCE
> Task :lib:streamwish-extractor:writeReleaseLintModelMetadata UP-TO-DATE
> Task :lib:filemoon-extractor:generateReleaseLintModel UP-TO-DATE
> Task :lib:voe-extractor:copyReleaseJniLibsProjectAndLocalJars UP-TO-DATE
> Task :src:es:homecine:buildKotlinToolingMetadata UP-TO-DATE
> Task :lib:voe-extractor:extractDeepLinksForAarRelease UP-TO-DATE
> Task :core:bundleLibCompileToJarRelease UP-TO-DATE
> Task :lib:burstcloud-extractor:bundleLibCompileToJarRelease UP-TO-DATE
> Task :lib:fastream-extractor:bundleLibCompileToJarRelease UP-TO-DATE
> Task :lib:streamwish-extractor:generateReleaseLintModel UP-TO-DATE
> Task :lib:mp4upload-extractor:bundleLibCompileToJarRelease UP-TO-DATE
> Task :lib:streamwish-extractor:bundleLibCompileToJarRelease UP-TO-DATE
> Task :lib:filemoon-extractor:bundleLibCompileToJarRelease UP-TO-DATE
> Task :src:es:homecine:formatKotlinAndroidTest NO-SOURCE
> Task :core:compileReleaseLibraryResources UP-TO-DATE
> Task :src:es:homecine:formatKotlinAndroidTestDebug NO-SOURCE
> Task :lib:burstcloud-extractor:compileReleaseLibraryResources UP-TO-DATE
> Task :src:es:homecine:formatKotlinAndroidTestRelease NO-SOURCE
> Task :lib:fastream-extractor:compileReleaseLibraryResources UP-TO-DATE
> Task :lib:filemoon-extractor:compileReleaseLibraryResources UP-TO-DATE
> Task :lib:mp4upload-extractor:compileReleaseLibraryResources UP-TO-DATE
> Task :src:es:homecine:formatKotlinDebug NO-SOURCE
> Task :lib:playlist-utils:compileReleaseLibraryResources UP-TO-DATE
> Task :lib:streamwish-extractor:compileReleaseLibraryResources UP-TO-DATE
> Task :core:extractDeepLinksRelease UP-TO-DATE
> Task :lib:burstcloud-extractor:extractDeepLinksRelease UP-TO-DATE
> Task :lib:fastream-extractor:extractDeepLinksRelease UP-TO-DATE
> Task :lib:filemoon-extractor:extractDeepLinksRelease UP-TO-DATE
> Task :lib:voe-extractor:extractReleaseAnnotations UP-TO-DATE
> Task :lib:mp4upload-extractor:extractDeepLinksRelease UP-TO-DATE
> Task :lib:playlist-utils:extractDeepLinksRelease UP-TO-DATE
> Task :lib:voe-extractor:mergeReleaseGeneratedProguardFiles UP-TO-DATE
> Task :lib:streamwish-extractor:extractDeepLinksRelease UP-TO-DATE
> Task :lib:voe-extractor:mergeReleaseConsumerProguardFiles UP-TO-DATE
> Task :core:copyReleaseJniLibsProjectOnly UP-TO-DATE
> Task :lib:burstcloud-extractor:copyReleaseJniLibsProjectOnly UP-TO-DATE
> Task :lib:fastream-extractor:copyReleaseJniLibsProjectOnly UP-TO-DATE
> Task :lib:filemoon-extractor:copyReleaseJniLibsProjectOnly UP-TO-DATE
> Task :lib:mp4upload-extractor:copyReleaseJniLibsProjectOnly UP-TO-DATE
> Task :lib:voe-extractor:mergeReleaseShaders UP-TO-DATE
> Task :lib:voe-extractor:compileReleaseShaders NO-SOURCE
> Task :lib:playlist-utils:copyReleaseJniLibsProjectOnly UP-TO-DATE
> Task :lib:voe-extractor:generateReleaseAssets UP-TO-DATE
> Task :lib:streamwish-extractor:copyReleaseJniLibsProjectOnly UP-TO-DATE
> Task :lib:voe-extractor:packageReleaseAssets UP-TO-DATE
> Task :lib:voe-extractor:prepareReleaseArtProfile UP-TO-DATE
> Task :lib:voe-extractor:mergeReleaseJavaResource UP-TO-DATE
> Task :lib:voe-extractor:syncReleaseLibJars UP-TO-DATE
> Task :lib:voe-extractor:writeReleaseAarMetadata UP-TO-DATE
> Task :lib:voe-extractor:bundleReleaseLocalLintAar UP-TO-DATE
> Task :lib:voe-extractor:writeReleaseLintModelMetadata UP-TO-DATE
> Task :lib:voe-extractor:generateReleaseLintModel UP-TO-DATE
> Task :lib:voe-extractor:bundleLibCompileToJarRelease UP-TO-DATE
> Task :lib:voe-extractor:compileReleaseLibraryResources UP-TO-DATE
> Task :lib:voe-extractor:extractDeepLinksRelease UP-TO-DATE
> Task :lib:voe-extractor:copyReleaseJniLibsProjectOnly UP-TO-DATE
> Task :lib:upstream-extractor:createFullJarRelease UP-TO-DATE
> Task :lib:upstream-extractor:mergeReleaseJniLibFolders UP-TO-DATE
> Task :lib:upstream-extractor:mergeReleaseNativeLibs NO-SOURCE
> Task :lib:upstream-extractor:stripReleaseDebugSymbols NO-SOURCE
> Task :lib:yourupload-extractor:processReleaseJavaRes UP-TO-DATE
> Task :lib:yourupload-extractor:createFullJarRelease UP-TO-DATE
> Task :lib:yourupload-extractor:mergeReleaseJniLibFolders UP-TO-DATE
> Task :lib:yourupload-extractor:mergeReleaseNativeLibs NO-SOURCE
> Task :lib:upstream-extractor:copyReleaseJniLibsProjectAndLocalJars UP-TO-DATE
> Task :lib:upstream-extractor:extractDeepLinksForAarRelease UP-TO-DATE
> Task :lib:upstream-extractor:extractReleaseAnnotations UP-TO-DATE
> Task :lib:upstream-extractor:mergeReleaseGeneratedProguardFiles UP-TO-DATE
> Task :lib:upstream-extractor:mergeReleaseConsumerProguardFiles UP-TO-DATE
> Task :lib:upstream-extractor:mergeReleaseShaders UP-TO-DATE
> Task :lib:upstream-extractor:compileReleaseShaders NO-SOURCE
> Task :lib:upstream-extractor:generateReleaseAssets UP-TO-DATE
> Task :lib:upstream-extractor:packageReleaseAssets UP-TO-DATE
> Task :lib:upstream-extractor:prepareReleaseArtProfile UP-TO-DATE
> Task :lib:upstream-extractor:mergeReleaseJavaResource UP-TO-DATE
> Task :lib:yourupload-extractor:stripReleaseDebugSymbols NO-SOURCE
> Task :lib:yourupload-extractor:copyReleaseJniLibsProjectAndLocalJars UP-TO-DATE
> Task :lib:yourupload-extractor:extractDeepLinksForAarRelease UP-TO-DATE
> Task :lib:upstream-extractor:syncReleaseLibJars UP-TO-DATE
> Task :lib:upstream-extractor:writeReleaseAarMetadata UP-TO-DATE
> Task :lib:upstream-extractor:bundleReleaseLocalLintAar UP-TO-DATE
> Task :lib:yourupload-extractor:extractReleaseAnnotations UP-TO-DATE
> Task :lib:upstream-extractor:writeReleaseLintModelMetadata UP-TO-DATE
> Task :lib:yourupload-extractor:mergeReleaseGeneratedProguardFiles UP-TO-DATE
> Task :lib:yourupload-extractor:mergeReleaseConsumerProguardFiles UP-TO-DATE
> Task :lib:yourupload-extractor:mergeReleaseShaders UP-TO-DATE
> Task :lib:upstream-extractor:generateReleaseLintModel UP-TO-DATE
> Task :lib:upstream-extractor:bundleLibCompileToJarRelease UP-TO-DATE
> Task :lib:upstream-extractor:compileReleaseLibraryResources UP-TO-DATE
> Task :lib:upstream-extractor:extractDeepLinksRelease UP-TO-DATE
> Task :lib:upstream-extractor:copyReleaseJniLibsProjectOnly UP-TO-DATE
> Task :lib:yourupload-extractor:compileReleaseShaders NO-SOURCE
> Task :lib:yourupload-extractor:generateReleaseAssets UP-TO-DATE
> Task :lib:yourupload-extractor:packageReleaseAssets UP-TO-DATE
> Task :lib:yourupload-extractor:prepareReleaseArtProfile UP-TO-DATE
> Task :lib:yourupload-extractor:mergeReleaseJavaResource UP-TO-DATE
> Task :lib:yourupload-extractor:syncReleaseLibJars UP-TO-DATE
> Task :lib:yourupload-extractor:writeReleaseAarMetadata UP-TO-DATE
> Task :lib:yourupload-extractor:bundleReleaseLocalLintAar UP-TO-DATE
> Task :lib:yourupload-extractor:writeReleaseLintModelMetadata UP-TO-DATE
> Task :lib:yourupload-extractor:generateReleaseLintModel UP-TO-DATE
> Task :lib:yourupload-extractor:bundleLibCompileToJarRelease UP-TO-DATE
> Task :lib:yourupload-extractor:compileReleaseLibraryResources UP-TO-DATE
> Task :lib:yourupload-extractor:extractDeepLinksRelease UP-TO-DATE
> Task :lib:yourupload-extractor:copyReleaseJniLibsProjectOnly UP-TO-DATE
> Task :src:es:homecine:formatKotlinMain
> Task :src:es:homecine:formatKotlinRelease NO-SOURCE
> Task :src:es:homecine:formatKotlinTest NO-SOURCE
> Task :src:es:homecine:formatKotlinTestDebug NO-SOURCE
> Task :src:es:homecine:formatKotlinTestFixtures NO-SOURCE
> Task :src:es:homecine:formatKotlinTestFixturesDebug NO-SOURCE
> Task :src:es:homecine:formatKotlinTestFixturesRelease NO-SOURCE
> Task :src:es:homecine:formatKotlinTestRelease NO-SOURCE
> Task :src:es:homecine:formatKotlin
> Task :src:es:homecine:lintKotlinAndroidTest NO-SOURCE
> Task :src:es:homecine:lintKotlinAndroidTestDebug NO-SOURCE
> Task :src:es:homecine:lintKotlinAndroidTestRelease NO-SOURCE
> Task :src:es:homecine:lintKotlinDebug NO-SOURCE
> Task :src:es:homecine:lintKotlinMain UP-TO-DATE
> Task :src:es:homecine:lintKotlinRelease NO-SOURCE
> Task :src:es:homecine:lintKotlinTest NO-SOURCE
> Task :src:es:homecine:lintKotlinTestDebug NO-SOURCE
> Task :src:es:homecine:lintKotlinTestFixtures NO-SOURCE
> Task :src:es:homecine:lintKotlinTestFixturesDebug NO-SOURCE
> Task :src:es:homecine:lintKotlinTestFixturesRelease NO-SOURCE
> Task :src:es:homecine:lintKotlinTestRelease NO-SOURCE
> Task :src:es:homecine:lintKotlin
> Task :src:es:homecine:writeManifestFile
> Task :src:es:homecine:preBuild
> Task :src:es:homecine:preReleaseBuild
> Task :src:es:homecine:generateReleaseBuildConfig UP-TO-DATE
> Task :src:es:homecine:checkReleaseAarMetadata UP-TO-DATE
> Task :src:es:homecine:mapReleaseSourceSetPaths UP-TO-DATE
> Task :src:es:homecine:generateReleaseResources UP-TO-DATE
> Task :src:es:homecine:mergeReleaseResources UP-TO-DATE
> Task :src:es:homecine:createReleaseCompatibleScreenManifests UP-TO-DATE
> Task :src:es:homecine:extractDeepLinksRelease UP-TO-DATE
> Task :src:es:homecine:processReleaseMainManifest UP-TO-DATE
> Task :src:es:homecine:processReleaseManifest UP-TO-DATE
> Task :src:es:homecine:processReleaseManifestForPackage UP-TO-DATE
> Task :src:es:homecine:processReleaseResources UP-TO-DATE
> Task :src:es:homecine:compileReleaseKotlin UP-TO-DATE
> Task :src:es:homecine:javaPreCompileRelease UP-TO-DATE
> Task :src:es:homecine:compileReleaseJavaWithJavac UP-TO-DATE
> Task :src:es:homecine:extractProguardFiles UP-TO-DATE
> Task :src:es:homecine:generateReleaseLintVitalReportModel UP-TO-DATE
> Task :src:es:homecine:lintVitalAnalyzeRelease UP-TO-DATE
> Task :src:es:homecine:lintVitalReportRelease UP-TO-DATE
> Task :src:es:homecine:lintVitalRelease
> Task :src:es:homecine:mergeReleaseJniLibFolders UP-TO-DATE
> Task :src:es:homecine:mergeReleaseNativeLibs NO-SOURCE
> Task :src:es:homecine:stripReleaseDebugSymbols NO-SOURCE
> Task :src:es:homecine:extractReleaseNativeSymbolTables NO-SOURCE
> Task :src:es:homecine:mergeReleaseNativeDebugMetadata NO-SOURCE
> Task :src:es:homecine:checkReleaseDuplicateClasses UP-TO-DATE
> Task :src:es:homecine:dexBuilderRelease UP-TO-DATE
> Task :src:es:homecine:desugarReleaseFileDependencies UP-TO-DATE
> Task :src:es:homecine:mergeExtDexRelease UP-TO-DATE
> Task :src:es:homecine:mergeDexRelease UP-TO-DATE
> Task :src:es:homecine:mergeReleaseArtProfile UP-TO-DATE
> Task :src:es:homecine:mergeReleaseGlobalSynthetics UP-TO-DATE
> Task :src:es:homecine:compileReleaseArtProfile UP-TO-DATE
> Task :src:es:homecine:generateReleaseAssets UP-TO-DATE
> Task :src:es:homecine:mergeReleaseAssets UP-TO-DATE
> Task :src:es:homecine:compressReleaseAssets UP-TO-DATE
> Task :src:es:homecine:processReleaseJavaRes UP-TO-DATE
> Task :src:es:homecine:mergeReleaseJavaResource UP-TO-DATE
> Task :src:es:homecine:optimizeReleaseResources UP-TO-DATE
> Task :src:es:homecine:writeReleaseAppMetadata UP-TO-DATE
> Task :src:es:homecine:writeReleaseSigningConfigVersions UP-TO-DATE
> Task :src:es:homecine:packageRelease FAILED

FAILURE: Build failed with an exception.

* What went wrong:
A problem was found with the configuration of task ':src:es:homecine:packageRelease' (type 'PackageApplication').
  - In plugin 'com.android.internal.version-check' type 'com.android.build.gradle.tasks.PackageApplication' property 'signingConfigData.signingConfigData.storeFile' specifies file 'C:\Users\Usuario\StudioProjects\kohi-den\extensions-source\signingkey.jks' which doesn't exist.
    
    Reason: An input file was expected to be present but it doesn't exist.
    
    Possible solutions:
      1. Make sure the file exists before the task is called.
      2. Make sure that the task which produces the file is declared as an input.
    
    For more information, please refer to https://docs.gradle.org/8.5/userguide/validation_problems.html#input_file_does_not_exist in the Gradle documentation.

* Try:
> Run with --stacktrace option to get the stack trace.
> Run with --info or --debug option to get more log output.
> Run with --scan to get full insights.
> Get more help at https://help.gradle.org.

BUILD FAILED in 20s
377 actionable tasks: 5 executed, 372 up-to-date
